-------------------------------------------------------------------------------
Test set: com.chientt.bloomfilter.SimpleBloomFilterTest
-------------------------------------------------------------------------------
Tests run: 2, Failures: 1, Errors: 0, Skipped: 0, Time elapsed: 0.24 s <<< FAILURE! - in com.chientt.bloomfilter.SimpleBloomFilterTest
shouldNotContain(com.chientt.bloomfilter.SimpleBloomFilterTest)  Time elapsed: 0.148 s  <<< FAILURE!
org.junit.ComparisonFailure: expected:<[fals]e> but was:<[tru]e>
	at com.chientt.bloomfilter.SimpleBloomFilterTest.shouldNotContain(SimpleBloomFilterTest.java:39)

