<?xml version="1.0" encoding="UTF-8"?>
<testsuite xmlns:xsi="http://www.w3.org/2001/XMLSchema-instance" xsi:noNamespaceSchemaLocation="https://maven.apache.org/surefire/maven-surefire-plugin/xsd/surefire-test-report.xsd" name="com.chientt.bloomfilter.SimpleBloomFilterTest" time="0.24" tests="2" errors="0" skipped="0" failures="1">
  <properties>
[...]
</properties>
  <testcase name="shouldNotContain" classname="com.chientt.bloomfilter.SimpleBloomFilterTest" time="0.148">
    <failure message="expected:&lt;[fals]e&gt; but was:&lt;[tru]e&gt;" type="org.junit.ComparisonFailure"><![CDATA[org.junit.ComparisonFailure: expected:<[fals]e> but was:<[tru]e>
	at com.chientt.bloomfilter.SimpleBloomFilterTest.shouldNotContain(SimpleBloomFilterTest.java:39)
]]></failure>
  </testcase>
  <testcase name="shouldContain" classname="com.chientt.bloomfilter.SimpleBloomFilterTest" time="0"/>
</testsuite>